********************************************************************************
product = WebSphere Application Server 24.0.0.3 (wlp-1.0.87.cl240320240311-1901)
wlp.install.dir = C:/IBM/wlp/
java.home = C:\IBM\jdk-17.0.12+7
java.version = 17.0.12
java.runtime = IBM Semeru Runtime Open Edition (17.0.12+7)
os = Windows Server 2022 (10.0; amd64) (zh_TW)
process = 17384@W01000ODMAP01-D
Classpath = C:\IBM\wlp\bin\tools\ws-server.jar
Java Library path = C:\IBM\jdk-17.0.12+7\bin\default;C:\IBM\jdk-17.0.12+7\bin;C:\Windows\system32;C:\Windows;C:\IBM\jdk-17.0.12+7\bin;C:\Windows\system32;C:\Windows;C:\Windows\System32\Wbem;C:\Windows\System32\WindowsPowerShell\v1.0\;C:\Windows\System32\OpenSSH\;C:\Users\Administrator\AppData\Local\Microsoft\WindowsApps;;.
********************************************************************************
[2024/10/22  15:37:40:746 TST] 00000001 com.ibm.ws.kernel.launch.internal.FrameworkManager           A CWWKE0001I: 已啟動伺服器 test。
[2024/10/22  15:37:41:782 TST] 00000001 com.ibm.ws.kernel.launch.internal.FrameworkManager           I CWWKE0002I: 核心在 1.542 秒 之後啟動
[2024/10/22  15:37:42:355 TST] 00000024 com.ibm.ws.kernel.feature.internal.FeatureManager            I CWWKF0007I: 特性更新已啟動。
[2024/10/22  15:37:42:753 TST] 00000018 com.ibm.ws.security.ready.internal.SecurityReadyServiceImpl  I CWWKS0007I: 安全服務啟動中...
[2024/10/22  15:37:43:085 TST] 00000019 com.ibm.ws.app.manager.internal.monitor.DropinMonitor        A CWWKZ0058I: 監視 dropins 以尋找應用程式。
[2024/10/22  15:37:43:488 TST] 00000019 com.ibm.ws.cache.ServerCache                                 I DYNA1001I: 已順利起始設定名為 baseCache 的「WebSphere 動態快取」實例。
[2024/10/22  15:37:43:490 TST] 00000019 com.ibm.ws.cache.ServerCache                                 I DYNA1071I: 正在使用快取提供者 default。
[2024/10/22  15:37:43:491 TST] 00000019 com.ibm.ws.cache.CacheServiceImpl                            I DYNA1056I: 「動態快取（物件快取）」起始設定成功。
[2024/10/22  15:37:43:582 TST] 0000001f com.ibm.ws.ssl.config.WSKeyStore                             A CWPKI0820A: 已使用 'keystore_password' 環境變數建立了預設金鑰儲存庫。
[2024/10/22  15:37:43:692 TST] 00000018 com.ibm.ws.security.ready.internal.SecurityReadyServiceImpl  I CWWKS0008I: 安全服務已備妥。
[2024/10/22  15:37:43:695 TST] 00000018 ibm.ws.security.authentication.internal.jaas.JAASServiceImpl I CWWKS1123I: 類別名稱為 NullCollectiveAuthenticationPlugin 的群體鑑別外掛程式已啟動。
[2024/10/22  15:37:43:652 TST] 00000027 com.ibm.ws.security.token.ltpa.internal.LTPAKeyCreateTask    I CWWKS4105I: LTPA 配置在 0.036 秒之後備妥。
[2024/10/22  15:37:43:739 TST] 0000001f com.ibm.ws.ssl.config.WSKeyStore                             I Successfully loaded default keystore: C:/IBM/wlp/usr/servers/test/resources/security/key.p12 of type: PKCS12
[2024/10/22  15:37:44:006 TST] 00000018 com.ibm.ws.ui.internal.v1.pojo.POJOLoaderService             I CWWKX1015I: 已起始設定「管理中心」的 FILE 持續層。
[2024/10/22  15:37:44:014 TST] 00000018 com.ibm.ws.ui.internal.v1.pojo.PlainTextLoaderService        I CWWKX1063I: 已起始設定「管理中心」工具資料載入器的 FILE 持續層。
[2024/10/22  15:37:44:664 TST] 00000026 com.ibm.ws.webcontainer.osgi.webapp.WebGroup                 I SRVE0169I: 正在載入 Web 模組：The Liberty Explore Tool。
[2024/10/22  15:37:44:668 TST] 00000026 com.ibm.ws.webcontainer                                      I SRVE0250I: Web 模組 The Liberty Explore Tool 已連結至 default_host。
[2024/10/22  15:37:44:669 TST] 00000026 com.ibm.ws.http.internal.VirtualHostImpl                     A CWWKT0016I: Web 應用程式可用 (default_host)：http://w01000odmap01-d.mlit.com.corp:9081/ibm/adminCenter/explore-1.0/
[2024/10/22  15:37:44:729 TST] 00000027 com.ibm.ws.webcontainer.osgi.webapp.WebGroup                 I SRVE0169I: 正在載入 Web 模組：The Liberty Server Config Tool。
[2024/10/22  15:37:44:731 TST] 00000027 com.ibm.ws.webcontainer                                      I SRVE0250I: Web 模組 The Liberty Server Config Tool 已連結至 default_host。
[2024/10/22  15:37:44:731 TST] 00000027 com.ibm.ws.http.internal.VirtualHostImpl                     A CWWKT0016I: Web 應用程式可用 (default_host)：http://w01000odmap01-d.mlit.com.corp:9081/ibm/adminCenter/serverConfig-1.0/
[2024/10/22  15:37:44:777 TST] 00000025 com.ibm.ws.webcontainer.osgi.webapp.WebGroup                 I SRVE0169I: 正在載入 Web 模組：ibm/api。
[2024/10/22  15:37:44:778 TST] 00000025 com.ibm.ws.webcontainer                                      I SRVE0250I: Web 模組 ibm/api 已連結至 default_host。
[2024/10/22  15:37:44:778 TST] 00000025 com.ibm.ws.http.internal.VirtualHostImpl                     A CWWKT0016I: Web 應用程式可用 (default_host)：http://w01000odmap01-d.mlit.com.corp:9081/ibm/api/
[2024/10/22  15:37:44:802 TST] 00000025 com.ibm.ws.app.manager.AppMessageHelper                      I CWWKZ0018I: 正在啟動應用程式 res。
[2024/10/22  15:37:44:873 TST] 00000026 com.ibm.ws.webcontainer.osgi.webapp.WebGroup                 I SRVE0169I: 正在載入 Web 模組：The Liberty Admin Center。
[2024/10/22  15:37:44:874 TST] 00000026 com.ibm.ws.webcontainer                                      I SRVE0250I: Web 模組 The Liberty Admin Center 已連結至 default_host。
[2024/10/22  15:37:44:874 TST] 00000026 com.ibm.ws.http.internal.VirtualHostImpl                     A CWWKT0016I: Web 應用程式可用 (default_host)：http://w01000odmap01-d.mlit.com.corp:9081/adminCenter/
[2024/10/22  15:37:44:933 TST] 00000026 com.ibm.ws.session.WASSessionCore                            I SESN8501I: 階段作業管理程式未找到持續性儲存體位置；HttpSession 物件將儲存在本端應用程式伺服器的記憶體中。
[2024/10/22  15:37:44:935 TST] 00000026 com.ibm.ws.session.WASSessionCore                            I SESN0176I: 將針對應用程式索引鍵 default_host/ibm/adminCenter/explore-1.0 來建立新的階段作業環境定義
[2024/10/22  15:37:44:951 TST] 00000027 com.ibm.ws.webcontainer.osgi.webapp.WebGroup                 I SRVE0169I: 正在載入 Web 模組：IBMJMXConnectorREST。
[2024/10/22  15:37:44:951 TST] 00000027 com.ibm.ws.webcontainer                                      I SRVE0250I: Web 模組 IBMJMXConnectorREST 已連結至 default_host。
[2024/10/22  15:37:44:951 TST] 00000027 com.ibm.ws.http.internal.VirtualHostImpl                     A CWWKT0016I: Web 應用程式可用 (default_host)：http://w01000odmap01-d.mlit.com.corp:9081/IBMJMXConnectorREST/
[2024/10/22  15:37:44:957 TST] 00000026 com.ibm.ws.util                                              I SESN0172I: 階段作業管理程式利用 Java 預設 SecureRandom 實作來產生階段作業 ID。
[2024/10/22  15:37:45:026 TST] 00000027 com.ibm.ws.jmx.connector.server.rest.RESTAppListener         I CWWKX0103I: JMX REST 連接器執行中，可從下列服務 URL 取得：service:jmx:rest://w01000odmap01-d.mlit.com.corp:9444/IBMJMXConnectorREST
[2024/10/22  15:37:45:045 TST] 00000026 com.ibm.ws.cache.CacheServiceImpl                            I DYNA1056I: 「動態快取（物件快取）」起始設定成功。
[2024/10/22  15:37:45:051 TST] 00000027 com.ibm.ws.jmx.connector.server.rest.RESTAppListener         I CWWKX0103I: JMX REST 連接器執行中，可從下列服務 URL 取得：service:jmx:rest://w01000odmap01-d.mlit.com.corp:9444/IBMJMXConnectorREST
[2024/10/22  15:37:45:055 TST] 00000027 com.ibm.ws.session.WASSessionCore                            I SESN0176I: 將針對應用程式索引鍵 default_host/ibm/adminCenter/serverConfig-1.0 來建立新的階段作業環境定義
[2024/10/22  15:37:45:056 TST] 00000027 com.ibm.ws.util                                              I SESN0172I: 階段作業管理程式利用 Java 預設 SecureRandom 實作來產生階段作業 ID。
[2024/10/22  15:37:45:103 TST] 00000027 com.ibm.ws.session.WASSessionCore                            I SESN0176I: 將針對應用程式索引鍵 default_host/ibm/api 來建立新的階段作業環境定義
[2024/10/22  15:37:45:103 TST] 00000027 com.ibm.ws.util                                              I SESN0172I: 階段作業管理程式利用 Java 預設 SecureRandom 實作來產生階段作業 ID。
[2024/10/22  15:37:45:180 TST] 00000027 com.ibm.ws.session.WASSessionCore                            I SESN0176I: 將針對應用程式索引鍵 default_host/adminCenter 來建立新的階段作業環境定義
[2024/10/22  15:37:45:182 TST] 00000027 com.ibm.ws.util                                              I SESN0172I: 階段作業管理程式利用 Java 預設 SecureRandom 實作來產生階段作業 ID。
[2024/10/22  15:37:45:719 TST] 00000026 com.ibm.ws.webcontainer.osgi.mbeans.PluginGenerator          I SRVE9103I: 已自動為此伺服器在 C:\IBM\wlp\usr\servers\test\logs\state\plugin-cfg.xml 產生 Web 伺服器外掛程式的配置檔。
[2024/10/22  15:37:45:739 TST] 00000026 com.ibm.ws.session.WASSessionCore                            I SESN0176I: 將針對應用程式索引鍵 default_host/IBMJMXConnectorREST 來建立新的階段作業環境定義
[2024/10/22  15:37:45:741 TST] 00000026 com.ibm.ws.util                                              I SESN0172I: 階段作業管理程式利用 Java 預設 SecureRandom 實作來產生階段作業 ID。
[2024/10/22  15:37:45:796 TST] 00000026 com.ibm.ws.webcontainer.servlet                              I SRVE0242I: [com.ibm.ws.jmx.connector.server.rest] [/IBMJMXConnectorREST] [JMXRESTProxyServlet]: 起始設定順利完成。
[2024/10/22  15:37:50:469 TST] 00000025 com.ibm.ws.webcontainer.osgi.webapp.WebGroup                 I SRVE0169I: 正在載入 Web 模組：Rule Execution Server Console。
[2024/10/22  15:37:50:470 TST] 00000025 com.ibm.ws.webcontainer                                      I SRVE0250I: Web 模組 Rule Execution Server Console 已連結至 default_host。
[2024/10/22  15:37:50:471 TST] 00000025 com.ibm.ws.http.internal.VirtualHostImpl                     A CWWKT0016I: Web 應用程式可用 (default_host)：http://w01000odmap01-d.mlit.com.corp:9081/res/
[2024/10/22  15:37:51:892 TST] 00000025 com.ibm.ws.webcontainer.osgi.mbeans.PluginGenerator          I SRVE9103I: 已自動為此伺服器在 C:\IBM\wlp\usr\servers\test\logs\state\plugin-cfg.xml 產生 Web 伺服器外掛程式的配置檔。
[2024/10/22  15:37:54:953 TST] 00000027 com.ibm.ws.session.WASSessionCore                            I SESN0176I: 將針對應用程式索引鍵 default_host/res 來建立新的階段作業環境定義
[2024/10/22  15:37:54:954 TST] 00000027 com.ibm.ws.util                                              I SESN0172I: 階段作業管理程式利用 Java 預設 SecureRandom 實作來產生階段作業 ID。
[2024/10/22  15:37:55:126 TST] 00000027 com.ibm.ws.classloading.internal.util.FeatureSuggestion      I CWWKL0084W: 無法載入 javax.xml.ws.WebServiceProvider 類別。請嘗試啟用 jaxws-2.2 特性或啟用 server.xml 檔案中特性的較新版本。
[2024/10/22  15:37:55:379 TST] 00000027 org.apache.myfaces.config.FacesConfigurator                  I Reading standard config org/apache/myfaces/resource/standard-faces-config.xml
[2024/10/22  15:37:55:473 TST] 00000027 org.apache.myfaces.config.FacesConfigurator                  I Reading config wsjar:file:/C:/IBM/wlp/usr/servers/test/apps/expanded/res.war/WEB-INF/lib/tomahawk-1.1.14.jar!/META-INF/faces-config.xml
[2024/10/22  15:37:55:501 TST] 00000027 org.apache.myfaces.config.FacesConfigurator                  I Reading config /WEB-INF/faces-config.xml
[2024/10/22  15:37:55:618 TST] 00000027 org.apache.myfaces.config.FacesConfigurator                  I Artifact 'myfaces-api' was not found.
[2024/10/22  15:37:55:619 TST] 00000027 org.apache.myfaces.config.FacesConfigurator                  I Artifact 'myfaces-impl' was not found.
[2024/10/22  15:37:55:619 TST] 00000027 org.apache.myfaces.config.FacesConfigurator                  I Artifact 'tomahawk-sandbox' was not found.
[2024/10/22  15:37:55:620 TST] 00000027 org.apache.myfaces.config.FacesConfigurator                  I Artifact 'tomahawk' was not found.
[2024/10/22  15:37:55:620 TST] 00000027 org.apache.myfaces.config.FacesConfigurator                  I Artifact 'tobago-core' was not found.
[2024/10/22  15:37:57:144 TST] 00000027 org.apache.myfaces.renderkit.html.HtmlRenderKitImpl          I Overwriting renderer with family = javax.faces.Input rendererType = org.apache.myfaces.FileUpload renderer class = ilog.rules.res.console.jsf.IlrHTMLFileUploadRenderer
[2024/10/22  15:37:57:176 TST] 00000027 org.apache.myfaces.config.FacesConfigurator                  I Serialization provider : class org.apache.myfaces.shared_impl.util.serial.DefaultSerialFactory
[2024/10/22  15:37:57:246 TST] 00000027 org.apache.myfaces.shared_impl.config.MyfacesConfig          I No context init parameter 'org.apache.myfaces.RENDER_VIEWSTATE_ID' found, using default value true
[2024/10/22  15:37:57:247 TST] 00000027 org.apache.myfaces.shared_impl.config.MyfacesConfig          I No context init parameter 'org.apache.myfaces.STRICT_XHTML_LINKS' found, using default value true
[2024/10/22  15:37:57:247 TST] 00000027 org.apache.myfaces.shared_impl.config.MyfacesConfig          I No context init parameter 'org.apache.myfaces.CONFIG_REFRESH_PERIOD' found, using default value 2
[2024/10/22  15:37:57:250 TST] 00000027 org.apache.myfaces.shared_impl.config.MyfacesConfig          I Starting up Tomahawk on the MyFaces-JSF-Implementation
[2024/10/22  15:37:57:252 TST] 00000027 org.apache.myfaces.webapp.StartupServletContextListener      I ServletContext 'C:\IBM\wlp\usr\servers\test\apps\expanded\res.war' initialized.
[2024/10/22  15:37:58:126 TST] 00000027 com.ibm.rules.res.console                                    I 作業系統是 Windows Server 2022 amd64 10.0。
[2024/10/22  15:37:58:132 TST] 00000027 com.ibm.rules.res.console                                    I JVM 是 Eclipse OpenJ9 Eclipse OpenJ9 VM openj9-0.46.1。
[2024/10/22  15:37:58:133 TST] 00000027 com.ibm.rules.res.console                                    I 類別路徑是 C:\IBM\wlp\bin\tools\ws-server.jar。 
[2024/10/22  15:37:58:133 TST] 00000027 com.ibm.rules.res.console                                    I 已啟動記載。Rule Execution Server 主控台版本：Decision Server
[2024/10/22  15:37:58:134 TST] 00000027 com.ibm.rules.res.console                                    I 用於起始設定的內容：
	allowIframe = true
	autoCreateSchema = false
	calendarType = gregorian
	defaultDWConfiguration = factoryClassname=ilog.rules.res.persistence.impl.jdbc.IlrDatasourceTraceDAOFactory;JNDI_NAME=jdbc/resdatasource
	distributed.mode = true
	filePersistenceDirectory = res_data
	fileXomPersistenceDirectory = res_xom
	ilog.rules.res.AUTHORIZATION_CONFIGURATION = type=local
	ilog.rules.res.HELP_CONTEXT = https://www.ibm.com:443/docs/SSQP76_9.0.0
	ilog.rules.res.HELP_TOPIC = com.ibm.odm.dserver.rules.res.console
	ilog.rules.res.HIDE_LOG_FILE_PATH = false
	ilog.rules.res.HTDS_CONTEXT = /DecisionService
	ilog.rules.res.TRUSTED_HOSTS_CONFIGURATION = enableHostsWhitelist=false,hosts=
	ilog.rules.res.XOM_IN_RULEAPP_ARCHIVE = false
	ilog.rules.res.trace.DECISIONWAREHOUSE_CONFIGURATIONS = defaultDWConfiguration
	javax.faces.PARTIAL_STATE_SAVING_METHOD = false
	javax.faces.STATE_SAVING_METHOD = server
	management.protocol = jmx
	management.tcpip.port = 1883
	management.tcpip.timeout = 20
	onDocker = false
	org.apache.myfaces.ADD_RESOURCE_CLASS = org.apache.myfaces.renderkit.html.util.DefaultAddResource
	org.apache.myfaces.ALGORITHM = AES
	org.apache.myfaces.ALLOW_JAVASCRIPT = true
	org.apache.myfaces.AUTO_SCROLL = true
	org.apache.myfaces.CHECK_EXTENSIONS_FILTER = false
	org.apache.myfaces.COMPRESS_STATE_IN_SESSION = false
	org.apache.myfaces.DETECT_JAVASCRIPT = false
	org.apache.myfaces.ERROR_HANDLING = false
	org.apache.myfaces.MAC_SECRET = T0RNX19SdWxlRXhlY3V0aW9uU2VydmVy
	org.apache.myfaces.NUMBER_OF_VIEWS_IN_SESSION = 10
	org.apache.myfaces.PRETTY_HTML = true
	org.apache.myfaces.READONLY_AS_DISABLED_FOR_SELECTS = true
	org.apache.myfaces.RESOURCE_VIRTUAL_PATH = /faces/myFacesExtensionResource
	org.apache.myfaces.SECRET = T0RNX19SdWxlRXhlY3V0aW9uU2VydmVy
	org.apache.myfaces.SERIALIZE_STATE_IN_SESSION = false
	org.apache.myfaces.VALIDATE = false
	org.jboss.jbossfaces.WAR_BUNDLES_JSF_IMPL = true
	persistenceType = datasource
	resconsole-logging-config-filename = resconsole-logging.properties
	server-info-max-length = 100
	xomPersistenceType = datasource
[2024/10/22  15:37:58:243 TST] 00000027 com.ibm.ws.jca.cm.ConnectorService                           I J2CA8050I: 應使用鑑別別名，而不是在 dataSource[MSSQLDataSource] 中定義使用者名稱與密碼。
[2024/10/22  15:37:58:472 TST] 00000027 com.ibm.ws.recoverylog.spi.RecoveryDirectorImpl              I CWRLS0010I: 正在執行本端 WebSphere 伺服器 (test) 的回復處理程序。
[2024/10/22  15:37:58:540 TST] 00000036 com.ibm.ws.recoverylog.spi.LogHandle                         I CWRLS0007I: 在 C:/IBM/wlp/usr/servers/test/tranlog\tranlog 中，找不到現有的回復日誌檔。正在冷啟動回復日誌。
[2024/10/22  15:37:58:541 TST] 00000036 com.ibm.ws.recoverylog.spi.LogFileHandle                     I CWRLS0006I: 建立新的回復日誌檔 C:/IBM/wlp/usr/servers/test/tranlog\tranlog\log1。
[2024/10/22  15:37:58:548 TST] 00000036 com.ibm.ws.recoverylog.spi.LogFileHandle                     I CWRLS0006I: 建立新的回復日誌檔 C:/IBM/wlp/usr/servers/test/tranlog\tranlog\log2。
[2024/10/22  15:37:58:609 TST] 00000036 com.ibm.ws.recoverylog.spi.LogHandle                         I CWRLS0007I: 在 C:/IBM/wlp/usr/servers/test/tranlog\partnerlog 中，找不到現有的回復日誌檔。正在冷啟動回復日誌。
[2024/10/22  15:37:58:610 TST] 00000036 com.ibm.ws.recoverylog.spi.LogFileHandle                     I CWRLS0006I: 建立新的回復日誌檔 C:/IBM/wlp/usr/servers/test/tranlog\partnerlog\log1。
[2024/10/22  15:37:58:618 TST] 00000036 com.ibm.ws.recoverylog.spi.LogFileHandle                     I CWRLS0006I: 建立新的回復日誌檔 C:/IBM/wlp/usr/servers/test/tranlog\partnerlog\log2。
[2024/10/22  15:37:58:666 TST] 00000036 com.ibm.tx.jta.impl.RecoveryManager                          I WTRN0135I: 交易服務未回復交易。
[2024/10/22  15:37:58:669 TST] 00000027 com.ibm.ws.recoverylog.spi.RecoveryDirectorImpl              I CWRLS0012I: 已引導所有持續性服務來執行這個 WebSphere 伺服器 (test) 的回復處理程序。
[2024/10/22  15:38:00:136 TST] 00000027 com.ibm.ws.logging.internal.impl.IncidentImpl                I FFDC1015I: 已建立「FFDC 發生事件」：ffdc_24.10.22_15.37.59.0.log 上的 "com.ibm.ws.rsadapter.exceptions.DataStoreAdapterException: DSRA8100E: 無法從 DataSource 中取得 PooledConnection。 with SQL State : 08S01 SQL Code : 0 com.ibm.ejs.j2c.poolmanager.FreePool.createManagedConnectionWithMCWrapper 199"
[2024/10/22  15:38:00:259 TST] 00000027 com.ibm.ws.logging.internal.impl.IncidentImpl                I FFDC1015I: 已建立「FFDC 發生事件」：ffdc_24.10.22_15.38.00.0.log 上的 "javax.resource.spi.ResourceAllocationException: DSRA8100E: 無法從 DataSource 中取得 PooledConnection。 with SQL State : 08S01 SQL Code : 0 com.ibm.ws.rsadapter.jdbc.WSJdbcDataSource.getConnection 299"
[2024/10/22  15:38:00:352 TST] 00000027 com.ibm.rules.res.console                                    E 起始設定失敗
ilog.rules.res.console.IlrConsoleException: 持續層起始設定失敗。
Caused by: ilog.rules.res.persistence.IlrDAOException: 建置 DAO "persistence" 期間，發生非預期的異常狀況。
	at ilog.rules.res.persistence.impl.IlrDAOLocalization.newIlrDAOException(IlrDAOLocalization.java:38)
	at com.ibm.rules.res.persistence.internal.DAOLoader.getDAO(DAOLoader.java:251)
	at ilog.rules.res.console.util.IlrModelManager.initRepositoryDAO(IlrModelManager.java:902)
	at ilog.rules.res.console.util.IlrModelManager.createResourceProviders(IlrModelManager.java:887)
	at ilog.rules.res.console.util.IlrModelManager.init(IlrModelManager.java:249)
	at ilog.rules.res.console.util.IlrConsoleInitializer.consoleInitialized(IlrConsoleInitializer.java:142)
	at ilog.rules.res.console.util.IlrConsoleInitializer.consoleInitialized(IlrConsoleInitializer.java:116)
	at ilog.rules.res.console.IlrServletContextListener.contextInitialized(IlrServletContextListener.java:25)
	at com.ibm.ws.webcontainer.webapp.WebApp.notifyServletContextCreated(WebApp.java:2464)
	at com.ibm.ws.webcontainer31.osgi.webapp.WebApp31.notifyServletContextCreated(WebApp31.java:512)
	at com.ibm.ws.webcontainer.webapp.WebApp.initialize(WebApp.java:1062)
	at com.ibm.ws.webcontainer.webapp.WebApp.initialize(WebApp.java:6721)
	at com.ibm.ws.webcontainer.osgi.DynamicVirtualHost.startWebApp(DynamicVirtualHost.java:484)
	at com.ibm.ws.webcontainer.osgi.DynamicVirtualHost.startWebApplication(DynamicVirtualHost.java:479)
	at com.ibm.ws.webcontainer.osgi.WebContainer.startWebApplication(WebContainer.java:1208)
	at com.ibm.ws.webcontainer.osgi.WebContainer.access$100(WebContainer.java:113)
	at com.ibm.ws.webcontainer.osgi.WebContainer$3.run(WebContainer.java:996)
	at com.ibm.ws.threading.internal.ExecutorServiceImpl$RunnableWrapper.run(ExecutorServiceImpl.java:280)
	at java.base/java.util.concurrent.Executors$RunnableAdapter.call(Executors.java:539)
	at java.base/java.util.concurrent.FutureTask.run(FutureTask.java:264)
	at java.base/java.util.concurrent.ThreadPoolExecutor.runWorker(ThreadPoolExecutor.java:1136)
	at java.base/java.util.concurrent.ThreadPoolExecutor$Worker.run(ThreadPoolExecutor.java:635)
	at java.base/java.lang.Thread.run(Thread.java:857)
Caused by: java.lang.reflect.InvocationTargetException
	at java.base/jdk.internal.reflect.NativeMethodAccessorImpl.invoke0(Native Method)
	at java.base/jdk.internal.reflect.NativeMethodAccessorImpl.invoke(NativeMethodAccessorImpl.java:77)
	at java.base/jdk.internal.reflect.DelegatingMethodAccessorImpl.invoke(DelegatingMethodAccessorImpl.java:43)
	at java.base/java.lang.reflect.Method.invoke(Method.java:575)
	at com.ibm.rules.res.persistence.internal.DAOLoader.getDAO(DAOLoader.java:231)
	... 21 more
Caused by: ilog.rules.res.persistence.IlrDAOException: 無法連接資料庫。
	at ilog.rules.res.persistence.impl.IlrDAOLocalization.newIlrDAOException(IlrDAOLocalization.java:34)
	at ilog.rules.res.persistence.impl.jdbc.IlrDataSourceConnectionProvider.getConnection(IlrDataSourceConnectionProvider.java:149)
	at ilog.rules.res.persistence.impl.jdbc.IlrDAOConfigurator.createInstance(IlrDAOConfigurator.java:107)
	at ilog.rules.res.persistence.impl.jdbc.IlrDataSourceDAOFactory.getDAO(IlrDataSourceDAOFactory.java:28)
	at ilog.rules.res.persistence.impl.IlrRepositoryDAOFactoryImpl.getDataSourceRepositoryDAO(IlrRepositoryDAOFactoryImpl.java:67)
	at ilog.rules.res.persistence.impl.IlrRepositoryDAOFactoryImpl.getDataSourceRepositoryDAO(IlrRepositoryDAOFactoryImpl.java:62)
	at com.ibm.rules.res.persistence.internal.DAOLoader.initialize(DAOLoader.java:507)
	... 26 more
Caused by: java.sql.SQLException: "encrypt" 屬性設定為 "true" 且 "trustServerCertificate" 屬性設為 "false"，但驅動程式無法使用安全通訊端層 (SSL) 加密建立 SQL Server 的安全連線: 錯誤: PKIX path building failed: sun.security.provider.certpath.SunCertPathBuilderException: unable to find valid certification path to requested target。 ClientConnectionId:16447d0c-74ca-4c0e-ab82-b83752e76304 DSRA0010E: SQL 狀態 = 08S01，錯誤碼 = 0
	at com.microsoft.sqlserver.jdbc.SQLServerConnection.terminate(SQLServerConnection.java:4271)
	at com.microsoft.sqlserver.jdbc.TDSChannel.enableSSL(IOBuffer.java:1965)
	at com.microsoft.sqlserver.jdbc.SQLServerConnection.connectHelper(SQLServerConnection.java:3797)
	at com.microsoft.sqlserver.jdbc.SQLServerConnection.login(SQLServerConnection.java:3385)
	at com.microsoft.sqlserver.jdbc.SQLServerConnection.connectInternal(SQLServerConnection.java:3194)
	at com.microsoft.sqlserver.jdbc.SQLServerConnection.connect(SQLServerConnection.java:1971)
	at com.microsoft.sqlserver.jdbc.SQLServerDataSource.getConnectionInternal(SQLServerDataSource.java:1569)
	at com.microsoft.sqlserver.jdbc.SQLServerPooledConnection.createNewConnection(SQLServerPooledConnection.java:100)
	at com.microsoft.sqlserver.jdbc.SQLServerPooledConnection.<init>(SQLServerPooledConnection.java:77)
	at com.microsoft.sqlserver.jdbc.SQLServerConnectionPoolDataSource.getPooledConnection(SQLServerConnectionPoolDataSource.java:47)
	at com.microsoft.sqlserver.jdbc.SQLServerConnectionPoolDataSource.getPooledConnection(SQLServerConnectionPoolDataSource.java:36)
	at com.ibm.ws.rsadapter.impl.DatabaseHelper$1.run(DatabaseHelper.java:1516)
	at com.ibm.ws.rsadapter.impl.DatabaseHelper$1.run(DatabaseHelper.java:1502)
	at java.base/java.security.AccessController.doPrivileged(AccessController.java:784)
	at java.base/java.security.AccessController.doPrivilegedWithCombiner(AccessController.java:840)
	at com.ibm.ws.rsadapter.impl.DatabaseHelper.getPooledConnection(DatabaseHelper.java:1502)
	at com.ibm.ws.rsadapter.impl.WSManagedConnectionFactoryImpl.getConnection(WSManagedConnectionFactoryImpl.java:857)
	at com.ibm.ws.rsadapter.impl.WSManagedConnectionFactoryImpl.createManagedConnection(WSManagedConnectionFactoryImpl.java:698)
	at com.ibm.ejs.j2c.FreePool.createManagedConnectionWithMCWrapper(FreePool.java:1389)
	at com.ibm.ejs.j2c.FreePool.createOrWaitForConnection(FreePool.java:1263)
	at com.ibm.ejs.j2c.PoolManager.reserve(PoolManager.java:1471)
	at com.ibm.ejs.j2c.ConnectionManager.allocateMCWrapper(ConnectionManager.java:576)
	at com.ibm.ejs.j2c.ConnectionManager.allocateConnection(ConnectionManager.java:308)
	at com.ibm.ws.rsadapter.jdbc.WSJdbcDataSource.getConnection(WSJdbcDataSource.java:142)
	at com.ibm.ws.rsadapter.jdbc.WSJdbcDataSource.getConnection(WSJdbcDataSource.java:116)
	at ilog.rules.res.persistence.impl.jdbc.IlrDataSourceConnectionProvider.getConnection(IlrDataSourceConnectionProvider.java:143)
	... 31 more
Caused by: javax.net.ssl.SSLHandshakeException: PKIX path building failed: sun.security.provider.certpath.SunCertPathBuilderException: unable to find valid certification path to requested target
	at java.base/sun.security.ssl.Alert.createSSLException(Alert.java:131)
	at java.base/sun.security.ssl.TransportContext.fatal(TransportContext.java:378)
	at java.base/sun.security.ssl.TransportContext.fatal(TransportContext.java:321)
	at java.base/sun.security.ssl.TransportContext.fatal(TransportContext.java:316)
	at java.base/sun.security.ssl.CertificateMessage$T12CertificateConsumer.checkServerCerts(CertificateMessage.java:654)
	at java.base/sun.security.ssl.CertificateMessage$T12CertificateConsumer.onCertificate(CertificateMessage.java:473)
	at java.base/sun.security.ssl.CertificateMessage$T12CertificateConsumer.consume(CertificateMessage.java:369)
	at java.base/sun.security.ssl.SSLHandshake.consume(SSLHandshake.java:396)
	at java.base/sun.security.ssl.HandshakeContext.dispatch(HandshakeContext.java:480)
	at java.base/sun.security.ssl.HandshakeContext.dispatch(HandshakeContext.java:458)
	at java.base/sun.security.ssl.TransportContext.dispatch(TransportContext.java:201)
	at java.base/sun.security.ssl.SSLTransport.decode(SSLTransport.java:172)
	at java.base/sun.security.ssl.SSLSocketImpl.decode(SSLSocketImpl.java:1510)
	at java.base/sun.security.ssl.SSLSocketImpl.readHandshakeRecord(SSLSocketImpl.java:1425)
	at java.base/sun.security.ssl.SSLSocketImpl.startHandshake(SSLSocketImpl.java:455)
	at java.base/sun.security.ssl.SSLSocketImpl.startHandshake(SSLSocketImpl.java:426)
	at com.microsoft.sqlserver.jdbc.TDSChannel.enableSSL(IOBuffer.java:1854)
	... 55 more
Caused by: sun.security.validator.ValidatorException: PKIX path building failed: sun.security.provider.certpath.SunCertPathBuilderException: unable to find valid certification path to requested target
	at java.base/sun.security.validator.PKIXValidator.doBuild(PKIXValidator.java:439)
	at java.base/sun.security.validator.PKIXValidator.engineValidate(PKIXValidator.java:306)
	at java.base/sun.security.validator.Validator.validate(Validator.java:264)
	at java.base/sun.security.ssl.X509TrustManagerImpl.checkTrusted(X509TrustManagerImpl.java:242)
	at java.base/sun.security.ssl.X509TrustManagerImpl.checkServerTrusted(X509TrustManagerImpl.java:113)
	at com.microsoft.sqlserver.jdbc.HostNameOverrideX509TrustManager.checkServerTrusted(SQLServerTrustManager.java:88)
	at java.base/sun.security.ssl.AbstractTrustManagerWrapper.checkServerTrusted(SSLContextImpl.java:1439)
	at java.base/sun.security.ssl.CertificateMessage$T12CertificateConsumer.checkServerCerts(CertificateMessage.java:638)
	... 67 more
Caused by: sun.security.provider.certpath.SunCertPathBuilderException: unable to find valid certification path to requested target
	at java.base/sun.security.provider.certpath.SunCertPathBuilder.build(SunCertPathBuilder.java:148)
	at java.base/sun.security.provider.certpath.SunCertPathBuilder.engineBuild(SunCertPathBuilder.java:129)
	at java.base/java.security.cert.CertPathBuilder.build(CertPathBuilder.java:297)
	at java.base/sun.security.validator.PKIXValidator.doBuild(PKIXValidator.java:434)
	... 74 more

[2024/10/22  15:38:00:444 TST] 00000027 com.ibm.ws.app.manager.AppMessageHelper                      A CWWKZ0001I: 應用程式 res 已在 15.641 秒內啟動。
[2024/10/22  15:38:00:457 TST] 00000027 com.ibm.ws.webcontainer.servlet                              I SRVE0242I: [res] [/res] [FacesServlet]: 起始設定順利完成。
[2024/10/22  15:38:00:620 TST] 00000024 com.ibm.ws.tcpchannel.internal.TCPPort                       I CWWKO0219I: 已啟動 TCP 通道 defaultHttpEndpoint，且現在正在主機 *  (IPv6) 埠 9081 上接聽要求。
[2024/10/22  15:38:00:623 TST] 00000024 com.ibm.ws.tcpchannel.internal.TCPPort                       I CWWKO0219I: 已啟動 TCP 通道 defaultHttpEndpoint-ssl，且現在正在主機 *  (IPv6) 埠 9444 上接聽要求。
[2024/10/22  15:38:00:908 TST] 00000024 com.ibm.ws.kernel.feature.internal.FeatureManager            A CWWKF0012I: 伺服器已安裝下列特性：[adminCenter-1.0, appSecurity-2.0, concurrent-1.0, distributedMap-1.0, el-3.0, jdbc-4.1, jndi-1.0, json-1.0, jsp-2.3, localConnector-1.0, restConnector-2.0, servlet-4.0, ssl-1.0, transportSecurity-1.0]。
[2024/10/22  15:38:00:909 TST] 00000024 com.ibm.ws.kernel.feature.internal.FeatureManager            I CWWKF0008I: 特性更新已在 19.126 秒內完成。
[2024/10/22  15:38:00:910 TST] 00000024 com.ibm.ws.kernel.feature.internal.FeatureManager            A CWWKF0011I: test 伺服器已準備好執行 Smarter Planet。test 伺服器已在 20.669 秒內啟動。
[2024/10/22  15:38:04:091 TST] 00000033 com.ibm.ws.channel.ssl.internal.SSLHandshakeErrorTracker     E CWWKO0801E: SSL 連線無法從遠端用戶端上的 0:0:0:0:0:0:0:1 主機及 9,444 埠起始設定至本端伺服器上的 0:0:0:0:0:0:0:1 主機及 49,510 埠。 異常狀況：javax.net.ssl.SSLHandshakeException: Received fatal alert: certificate_unknown
	at java.base/sun.security.ssl.Alert.createSSLException(Alert.java:131)
	at java.base/sun.security.ssl.Alert.createSSLException(Alert.java:117)
	at java.base/sun.security.ssl.TransportContext.fatal(TransportContext.java:365)
	at java.base/sun.security.ssl.Alert$AlertConsumer.consume(Alert.java:293)
	at java.base/sun.security.ssl.TransportContext.dispatch(TransportContext.java:204)
	at java.base/sun.security.ssl.SSLTransport.decode(SSLTransport.java:172)
	at java.base/sun.security.ssl.SSLEngineImpl.decode(SSLEngineImpl.java:736)
	at java.base/sun.security.ssl.SSLEngineImpl.readRecord(SSLEngineImpl.java:691)
	at java.base/sun.security.ssl.SSLEngineImpl.unwrap(SSLEngineImpl.java:506)
	at java.base/sun.security.ssl.SSLEngineImpl.unwrap(SSLEngineImpl.java:482)
	at java.base/javax.net.ssl.SSLEngine.unwrap(SSLEngine.java:679)
	at com.ibm.ws.channel.ssl.internal.SSLUtils.handleHandshake(SSLUtils.java:909)
	at com.ibm.ws.channel.ssl.internal.SSLConnectionLink.readyInbound(SSLConnectionLink.java:601)
	at com.ibm.ws.channel.ssl.internal.SSLConnectionLink.ready(SSLConnectionLink.java:348)
	at com.ibm.ws.tcpchannel.internal.NewConnectionInitialReadCallback.sendToDiscriminators(NewConnectionInitialReadCallback.java:169)
	at com.ibm.ws.tcpchannel.internal.NewConnectionInitialReadCallback.complete(NewConnectionInitialReadCallback.java:77)
	at com.ibm.ws.tcpchannel.internal.WorkQueueManager.requestComplete(WorkQueueManager.java:516)
	at com.ibm.ws.tcpchannel.internal.WorkQueueManager.attemptIO(WorkQueueManager.java:586)
	at com.ibm.ws.tcpchannel.internal.WorkQueueManager.workerRun(WorkQueueManager.java:970)
	at com.ibm.ws.tcpchannel.internal.WorkQueueManager$Worker.run(WorkQueueManager.java:1059)
	at com.ibm.ws.threading.internal.ExecutorServiceImpl$RunnableWrapper.run(ExecutorServiceImpl.java:280)
	at java.base/java.util.concurrent.ThreadPoolExecutor.runWorker(ThreadPoolExecutor.java:1136)
	at java.base/java.util.concurrent.ThreadPoolExecutor$Worker.run(ThreadPoolExecutor.java:635)
	at java.base/java.lang.Thread.run(Thread.java:857)

[2024/10/22  15:38:04:653 TST] 00000033 com.ibm.rules.res.console                                    I 作業系統是 Windows Server 2022 amd64 10.0。
[2024/10/22  15:38:04:653 TST] 00000033 com.ibm.rules.res.console                                    I JVM 是 Eclipse OpenJ9 Eclipse OpenJ9 VM openj9-0.46.1。
[2024/10/22  15:38:04:654 TST] 00000033 com.ibm.rules.res.console                                    I 類別路徑是 C:\IBM\wlp\bin\tools\ws-server.jar。 
[2024/10/22  15:38:04:655 TST] 00000033 com.ibm.rules.res.console                                    I 已啟動記載。Rule Execution Server 主控台版本：Decision Server
[2024/10/22  15:38:04:655 TST] 00000033 com.ibm.rules.res.console                                    I 用於起始設定的內容：
	allowIframe = true
	autoCreateSchema = false
	calendarType = gregorian
	defaultDWConfiguration = factoryClassname=ilog.rules.res.persistence.impl.jdbc.IlrDatasourceTraceDAOFactory;JNDI_NAME=jdbc/resdatasource
	distributed.mode = true
	filePersistenceDirectory = res_data
	fileXomPersistenceDirectory = res_xom
	ilog.rules.res.AUTHORIZATION_CONFIGURATION = type=local
	ilog.rules.res.HELP_CONTEXT = https://www.ibm.com:443/docs/SSQP76_9.0.0
	ilog.rules.res.HELP_TOPIC = com.ibm.odm.dserver.rules.res.console
	ilog.rules.res.HIDE_LOG_FILE_PATH = false
	ilog.rules.res.HTDS_CONTEXT = /DecisionService
	ilog.rules.res.TRUSTED_HOSTS_CONFIGURATION = enableHostsWhitelist=false,hosts=
	ilog.rules.res.XOM_IN_RULEAPP_ARCHIVE = false
	ilog.rules.res.trace.DECISIONWAREHOUSE_CONFIGURATIONS = defaultDWConfiguration
	javax.faces.PARTIAL_STATE_SAVING_METHOD = false
	javax.faces.STATE_SAVING_METHOD = server
	management.protocol = jmx
	management.tcpip.port = 1883
	management.tcpip.timeout = 20
	onDocker = false
	org.apache.myfaces.ADD_RESOURCE_CLASS = org.apache.myfaces.renderkit.html.util.DefaultAddResource
	org.apache.myfaces.ALGORITHM = AES
	org.apache.myfaces.ALLOW_JAVASCRIPT = true
	org.apache.myfaces.AUTO_SCROLL = true
	org.apache.myfaces.CHECK_EXTENSIONS_FILTER = false
	org.apache.myfaces.COMPRESS_STATE_IN_SESSION = false
	org.apache.myfaces.DETECT_JAVASCRIPT = false
	org.apache.myfaces.ERROR_HANDLING = false
	org.apache.myfaces.MAC_SECRET = T0RNX19SdWxlRXhlY3V0aW9uU2VydmVy
	org.apache.myfaces.NUMBER_OF_VIEWS_IN_SESSION = 10
	org.apache.myfaces.PRETTY_HTML = true
	org.apache.myfaces.READONLY_AS_DISABLED_FOR_SELECTS = true
	org.apache.myfaces.RESOURCE_VIRTUAL_PATH = /faces/myFacesExtensionResource
	org.apache.myfaces.SECRET = T0RNX19SdWxlRXhlY3V0aW9uU2VydmVy
	org.apache.myfaces.SERIALIZE_STATE_IN_SESSION = false
	org.apache.myfaces.VALIDATE = false
	org.jboss.jbossfaces.WAR_BUNDLES_JSF_IMPL = true
	persistenceType = datasource
	resconsole-logging-config-filename = resconsole-logging.properties
	server-info-max-length = 100
	xomPersistenceType = datasource
[2024/10/22  15:38:04:700 TST] 00000033 com.ibm.rules.res.console                                    E 起始設定失敗
ilog.rules.res.console.IlrConsoleException: 持續層起始設定失敗。
Caused by: ilog.rules.res.persistence.IlrDAOException: 建置 DAO "persistence" 期間，發生非預期的異常狀況。
	at ilog.rules.res.persistence.impl.IlrDAOLocalization.newIlrDAOException(IlrDAOLocalization.java:38)
	at com.ibm.rules.res.persistence.internal.DAOLoader.getDAO(DAOLoader.java:251)
	at ilog.rules.res.console.util.IlrModelManager.initRepositoryDAO(IlrModelManager.java:902)
	at ilog.rules.res.console.util.IlrModelManager.createResourceProviders(IlrModelManager.java:887)
	at ilog.rules.res.console.util.IlrModelManager.init(IlrModelManager.java:249)
	at ilog.rules.res.console.util.IlrConsoleInitializer.consoleInitialized(IlrConsoleInitializer.java:142)
	at ilog.rules.res.console.jsf.IlrRequestFilter.updateState(IlrRequestFilter.java:422)
	at ilog.rules.res.console.jsf.IlrRequestFilter.doFilter(IlrRequestFilter.java:236)
	at com.ibm.ws.webcontainer.filter.FilterInstanceWrapper.doFilter(FilterInstanceWrapper.java:203)
	at com.ibm.ws.webcontainer.filter.WebAppFilterChain.doFilter(WebAppFilterChain.java:93)
	at ilog.rules.res.console.jsf.CSRFValidationFilter.doFilter(CSRFValidationFilter.java:81)
	at com.ibm.ws.webcontainer.filter.FilterInstanceWrapper.doFilter(FilterInstanceWrapper.java:203)
	at com.ibm.ws.webcontainer.filter.WebAppFilterChain.doFilter(WebAppFilterChain.java:93)
	at com.ibm.ws.webcontainer.filter.WebAppFilterManager.doFilter(WebAppFilterManager.java:1068)
	at com.ibm.ws.webcontainer.filter.WebAppFilterManager.invokeFilters(WebAppFilterManager.java:1259)
	at com.ibm.ws.webcontainer.webapp.WebApp.handleRequest(WebApp.java:5095)
	at com.ibm.ws.webcontainer.osgi.DynamicVirtualHost$2.handleRequest(DynamicVirtualHost.java:328)
	at com.ibm.ws.webcontainer.WebContainer.handleRequest(WebContainer.java:1038)
	at com.ibm.ws.webcontainer.osgi.DynamicVirtualHost$2.run(DynamicVirtualHost.java:293)
	at com.ibm.ws.http.dispatcher.internal.channel.HttpDispatcherLink$TaskWrapper.run(HttpDispatcherLink.java:1260)
	at com.ibm.ws.http.dispatcher.internal.channel.HttpDispatcherLink.wrapHandlerAndExecute(HttpDispatcherLink.java:476)
	at com.ibm.ws.http.dispatcher.internal.channel.HttpDispatcherLink.ready(HttpDispatcherLink.java:435)
	at com.ibm.ws.http.channel.internal.inbound.HttpInboundLink.handleDiscrimination(HttpInboundLink.java:569)
	at com.ibm.ws.http.channel.internal.inbound.HttpInboundLink.handleNewRequest(HttpInboundLink.java:503)
	at com.ibm.ws.http.channel.internal.inbound.HttpInboundLink.processRequest(HttpInboundLink.java:363)
	at com.ibm.ws.http.channel.internal.inbound.HttpInboundLink.ready(HttpInboundLink.java:330)
	at com.ibm.ws.http.channel.h2internal.H2StreamProcessor$Http2Ready.run(H2StreamProcessor.java:1818)
	at com.ibm.ws.threading.internal.ExecutorServiceImpl$RunnableWrapper.run(ExecutorServiceImpl.java:280)
	at java.base/java.util.concurrent.ThreadPoolExecutor.runWorker(ThreadPoolExecutor.java:1136)
	at java.base/java.util.concurrent.ThreadPoolExecutor$Worker.run(ThreadPoolExecutor.java:635)
	at java.base/java.lang.Thread.run(Thread.java:857)
Caused by: java.lang.reflect.InvocationTargetException
	at java.base/jdk.internal.reflect.NativeMethodAccessorImpl.invoke0(Native Method)
	at java.base/jdk.internal.reflect.NativeMethodAccessorImpl.invoke(NativeMethodAccessorImpl.java:77)
	at java.base/jdk.internal.reflect.DelegatingMethodAccessorImpl.invoke(DelegatingMethodAccessorImpl.java:43)
	at java.base/java.lang.reflect.Method.invoke(Method.java:575)
	at com.ibm.rules.res.persistence.internal.DAOLoader.getDAO(DAOLoader.java:231)
	... 29 more
Caused by: ilog.rules.res.persistence.IlrDAOException: 無法連接資料庫。
	at ilog.rules.res.persistence.impl.IlrDAOLocalization.newIlrDAOException(IlrDAOLocalization.java:34)
	at ilog.rules.res.persistence.impl.jdbc.IlrDataSourceConnectionProvider.getConnection(IlrDataSourceConnectionProvider.java:149)
	at ilog.rules.res.persistence.impl.jdbc.IlrDAOConfigurator.createInstance(IlrDAOConfigurator.java:107)
	at ilog.rules.res.persistence.impl.jdbc.IlrDataSourceDAOFactory.getDAO(IlrDataSourceDAOFactory.java:28)
	at ilog.rules.res.persistence.impl.IlrRepositoryDAOFactoryImpl.getDataSourceRepositoryDAO(IlrRepositoryDAOFactoryImpl.java:67)
	at ilog.rules.res.persistence.impl.IlrRepositoryDAOFactoryImpl.getDataSourceRepositoryDAO(IlrRepositoryDAOFactoryImpl.java:62)
	at com.ibm.rules.res.persistence.internal.DAOLoader.initialize(DAOLoader.java:507)
	... 34 more
Caused by: java.sql.SQLException: "encrypt" 屬性設定為 "true" 且 "trustServerCertificate" 屬性設為 "false"，但驅動程式無法使用安全通訊端層 (SSL) 加密建立 SQL Server 的安全連線: 錯誤: PKIX path building failed: sun.security.provider.certpath.SunCertPathBuilderException: unable to find valid certification path to requested target。 ClientConnectionId:35b9559e-cf74-4be5-b923-3998bc136c75 DSRA0010E: SQL 狀態 = 08S01，錯誤碼 = 0
	at com.microsoft.sqlserver.jdbc.SQLServerConnection.terminate(SQLServerConnection.java:4271)
	at com.microsoft.sqlserver.jdbc.TDSChannel.enableSSL(IOBuffer.java:1965)
	at com.microsoft.sqlserver.jdbc.SQLServerConnection.connectHelper(SQLServerConnection.java:3797)
	at com.microsoft.sqlserver.jdbc.SQLServerConnection.login(SQLServerConnection.java:3385)
	at com.microsoft.sqlserver.jdbc.SQLServerConnection.connectInternal(SQLServerConnection.java:3194)
	at com.microsoft.sqlserver.jdbc.SQLServerConnection.connect(SQLServerConnection.java:1971)
	at com.microsoft.sqlserver.jdbc.SQLServerDataSource.getConnectionInternal(SQLServerDataSource.java:1569)
	at com.microsoft.sqlserver.jdbc.SQLServerPooledConnection.createNewConnection(SQLServerPooledConnection.java:100)
	at com.microsoft.sqlserver.jdbc.SQLServerPooledConnection.<init>(SQLServerPooledConnection.java:77)
	at com.microsoft.sqlserver.jdbc.SQLServerConnectionPoolDataSource.getPooledConnection(SQLServerConnectionPoolDataSource.java:47)
	at com.microsoft.sqlserver.jdbc.SQLServerConnectionPoolDataSource.getPooledConnection(SQLServerConnectionPoolDataSource.java:36)
	at com.ibm.ws.rsadapter.impl.DatabaseHelper$1.run(DatabaseHelper.java:1516)
	at com.ibm.ws.rsadapter.impl.DatabaseHelper$1.run(DatabaseHelper.java:1502)
	at java.base/java.security.AccessController.doPrivileged(AccessController.java:784)
	at java.base/java.security.AccessController.doPrivilegedWithCombiner(AccessController.java:840)
	at com.ibm.ws.rsadapter.impl.DatabaseHelper.getPooledConnection(DatabaseHelper.java:1502)
	at com.ibm.ws.rsadapter.impl.WSManagedConnectionFactoryImpl.getConnection(WSManagedConnectionFactoryImpl.java:857)
	at com.ibm.ws.rsadapter.impl.WSManagedConnectionFactoryImpl.createManagedConnection(WSManagedConnectionFactoryImpl.java:698)
	at com.ibm.ejs.j2c.FreePool.createManagedConnectionWithMCWrapper(FreePool.java:1389)
	at com.ibm.ejs.j2c.FreePool.createOrWaitForConnection(FreePool.java:1263)
	at com.ibm.ejs.j2c.PoolManager.reserve(PoolManager.java:1471)
	at com.ibm.ejs.j2c.ConnectionManager.allocateMCWrapper(ConnectionManager.java:576)
	at com.ibm.ejs.j2c.ConnectionManager.allocateConnection(ConnectionManager.java:308)
	at com.ibm.ws.rsadapter.jdbc.WSJdbcDataSource.getConnection(WSJdbcDataSource.java:142)
	at com.ibm.ws.rsadapter.jdbc.WSJdbcDataSource.getConnection(WSJdbcDataSource.java:116)
	at ilog.rules.res.persistence.impl.jdbc.IlrDataSourceConnectionProvider.getConnection(IlrDataSourceConnectionProvider.java:143)
	... 39 more
Caused by: javax.net.ssl.SSLHandshakeException: PKIX path building failed: sun.security.provider.certpath.SunCertPathBuilderException: unable to find valid certification path to requested target
	at java.base/sun.security.ssl.Alert.createSSLException(Alert.java:131)
	at java.base/sun.security.ssl.TransportContext.fatal(TransportContext.java:378)
	at java.base/sun.security.ssl.TransportContext.fatal(TransportContext.java:321)
	at java.base/sun.security.ssl.TransportContext.fatal(TransportContext.java:316)
	at java.base/sun.security.ssl.CertificateMessage$T12CertificateConsumer.checkServerCerts(CertificateMessage.java:654)
	at java.base/sun.security.ssl.CertificateMessage$T12CertificateConsumer.onCertificate(CertificateMessage.java:473)
	at java.base/sun.security.ssl.CertificateMessage$T12CertificateConsumer.consume(CertificateMessage.java:369)
	at java.base/sun.security.ssl.SSLHandshake.consume(SSLHandshake.java:396)
	at java.base/sun.security.ssl.HandshakeContext.dispatch(HandshakeContext.java:480)
	at java.base/sun.security.ssl.HandshakeContext.dispatch(HandshakeContext.java:458)
	at java.base/sun.security.ssl.TransportContext.dispatch(TransportContext.java:201)
	at java.base/sun.security.ssl.SSLTransport.decode(SSLTransport.java:172)
	at java.base/sun.security.ssl.SSLSocketImpl.decode(SSLSocketImpl.java:1510)
	at java.base/sun.security.ssl.SSLSocketImpl.readHandshakeRecord(SSLSocketImpl.java:1425)
	at java.base/sun.security.ssl.SSLSocketImpl.startHandshake(SSLSocketImpl.java:455)
	at java.base/sun.security.ssl.SSLSocketImpl.startHandshake(SSLSocketImpl.java:426)
	at com.microsoft.sqlserver.jdbc.TDSChannel.enableSSL(IOBuffer.java:1854)
	... 63 more
Caused by: sun.security.validator.ValidatorException: PKIX path building failed: sun.security.provider.certpath.SunCertPathBuilderException: unable to find valid certification path to requested target
	at java.base/sun.security.validator.PKIXValidator.doBuild(PKIXValidator.java:439)
	at java.base/sun.security.validator.PKIXValidator.engineValidate(PKIXValidator.java:306)
	at java.base/sun.security.validator.Validator.validate(Validator.java:264)
	at java.base/sun.security.ssl.X509TrustManagerImpl.checkTrusted(X509TrustManagerImpl.java:242)
	at java.base/sun.security.ssl.X509TrustManagerImpl.checkServerTrusted(X509TrustManagerImpl.java:113)
	at com.microsoft.sqlserver.jdbc.HostNameOverrideX509TrustManager.checkServerTrusted(SQLServerTrustManager.java:88)
	at java.base/sun.security.ssl.AbstractTrustManagerWrapper.checkServerTrusted(SSLContextImpl.java:1439)
	at java.base/sun.security.ssl.CertificateMessage$T12CertificateConsumer.checkServerCerts(CertificateMessage.java:638)
	... 75 more
Caused by: sun.security.provider.certpath.SunCertPathBuilderException: unable to find valid certification path to requested target
	at java.base/sun.security.provider.certpath.SunCertPathBuilder.build(SunCertPathBuilder.java:148)
	at java.base/sun.security.provider.certpath.SunCertPathBuilder.engineBuild(SunCertPathBuilder.java:129)
	at java.base/java.security.cert.CertPathBuilder.build(CertPathBuilder.java:297)
	at java.base/sun.security.validator.PKIXValidator.doBuild(PKIXValidator.java:434)
	... 82 more

[2024/10/22  15:38:04:894 TST] 00000033 com.ibm.ws.webcontainer.servlet                              I SRVE0242I: [res] [/res] [/protected/error.jsp]: 起始設定順利完成。
[2024/10/22  15:38:05:322 TST] 00000033 org.apache.myfaces.shared_tomahawk.config.MyfacesConfig      I No context init parameter 'org.apache.myfaces.RENDER_VIEWSTATE_ID' found, using default value true
[2024/10/22  15:38:05:323 TST] 00000033 org.apache.myfaces.shared_tomahawk.config.MyfacesConfig      I No context init parameter 'org.apache.myfaces.STRICT_XHTML_LINKS' found, using default value true
[2024/10/22  15:38:05:324 TST] 00000033 org.apache.myfaces.shared_tomahawk.config.MyfacesConfig      I No context init parameter 'org.apache.myfaces.CONFIG_REFRESH_PERIOD' found, using default value 2
[2024/10/22  15:38:05:325 TST] 00000033 org.apache.myfaces.shared_tomahawk.config.MyfacesConfig      I Starting up Tomahawk on the MyFaces-JSF-Implementation
